0 info it worked if it ends with ok
1 verbose cli [ '/Users/tonyngo/.nvm/versions/node/v6.2.2/bin/node',
1 verbose cli   '/Users/tonyngo/.nvm/versions/node/v6.2.2/bin/npm',
1 verbose cli   'run',
1 verbose cli   'deploy' ]
2 info using npm@3.10.6
3 info using node@v6.2.2
4 verbose run-script [ 'predeploy', 'deploy', 'postdeploy' ]
5 info lifecycle sample-vr@1.0.0~predeploy: sample-vr@1.0.0
6 silly lifecycle sample-vr@1.0.0~predeploy: no script for predeploy, continuing
7 info lifecycle sample-vr@1.0.0~deploy: sample-vr@1.0.0
8 verbose lifecycle sample-vr@1.0.0~deploy: unsafe-perm in lifecycle true
9 verbose lifecycle sample-vr@1.0.0~deploy: PATH: /Users/tonyngo/.nvm/versions/node/v6.2.2/lib/node_modules/npm/bin/node-gyp-bin:/Users/tonyngo/Documents/Samples/node_modules/.bin:/Users/tonyngo/.nvm/versions/node/v6.2.2/bin:/Users/tonyngo/.themekit:/usr/local/var/rbenv/shims:/usr/local/bin:/usr/bin:/bin:/usr/sbin:/sbin:/Users/tonyngo/bin
10 verbose lifecycle sample-vr@1.0.0~deploy: CWD: /Users/tonyngo/Documents/Samples
11 silly lifecycle sample-vr@1.0.0~deploy: Args: [ '-c', 'gh-pages -d dist' ]
12 silly lifecycle sample-vr@1.0.0~deploy: Returned: code: 1  signal: null
13 info lifecycle sample-vr@1.0.0~deploy: Failed to exec deploy script
14 verbose stack Error: sample-vr@1.0.0 deploy: `gh-pages -d dist`
14 verbose stack Exit status 1
14 verbose stack     at EventEmitter.<anonymous> (/Users/tonyngo/.nvm/versions/node/v6.2.2/lib/node_modules/npm/lib/utils/lifecycle.js:255:16)
14 verbose stack     at emitTwo (events.js:106:13)
14 verbose stack     at EventEmitter.emit (events.js:191:7)
14 verbose stack     at ChildProcess.<anonymous> (/Users/tonyngo/.nvm/versions/node/v6.2.2/lib/node_modules/npm/lib/utils/spawn.js:40:14)
14 verbose stack     at emitTwo (events.js:106:13)
14 verbose stack     at ChildProcess.emit (events.js:191:7)
14 verbose stack     at maybeClose (internal/child_process.js:852:16)
14 verbose stack     at Process.ChildProcess._handle.onexit (internal/child_process.js:215:5)
15 verbose pkgid sample-vr@1.0.0
16 verbose cwd /Users/tonyngo/Documents/Samples
17 error Darwin 15.6.0
18 error argv "/Users/tonyngo/.nvm/versions/node/v6.2.2/bin/node" "/Users/tonyngo/.nvm/versions/node/v6.2.2/bin/npm" "run" "deploy"
19 error node v6.2.2
20 error npm  v3.10.6
21 error code ELIFECYCLE
22 error sample-vr@1.0.0 deploy: `gh-pages -d dist`
22 error Exit status 1
23 error Failed at the sample-vr@1.0.0 deploy script 'gh-pages -d dist'.
23 error Make sure you have the latest version of node.js and npm installed.
23 error If you do, this is most likely a problem with the sample-vr package,
23 error not with npm itself.
23 error Tell the author that this fails on your system:
23 error     gh-pages -d dist
23 error You can get information on how to open an issue for this project with:
23 error     npm bugs sample-vr
23 error Or if that isn't available, you can get their info via:
23 error     npm owner ls sample-vr
23 error There is likely additional logging output above.
24 verbose exit [ 1, true ]
